<?xml version="1.0" encoding="UTF-8"?>
<testsuites name="Authorization Red-Team" tests="56" failures="0" errors="0" time="3.157">
  <testsuite name="Authorization red-team suite (WO-029)" errors="0" failures="0" skipped="0" timestamp="2026-07-14T23:42:59" time="3.036" tests="56">
    <testcase classname="Authorization red-team suite (WO-029) contains at least 50 authorization scenarios" name="Authorization red-team suite (WO-029) contains at least 50 authorization scenarios" time="0.001">
    </testcase>
    <testcase classname="Authorization red-team suite (WO-029) director-list-companies =&gt; Director GET /api/companies expects 200" name="Authorization red-team suite (WO-029) director-list-companies =&gt; Director GET /api/companies expects 200" time="0.012">
    </testcase>
    <testcase classname="Authorization red-team suite (WO-029) principal-list-companies =&gt; Principal GET /api/companies expects 200" name="Authorization red-team suite (WO-029) principal-list-companies =&gt; Principal GET /api/companies expects 200" time="0.003">
    </testcase>
    <testcase classname="Authorization red-team suite (WO-029) associate-list-companies =&gt; Associate GET /api/companies expects 200" name="Authorization red-team suite (WO-029) associate-list-companies =&gt; Associate GET /api/companies expects 200" time="0.001">
    </testcase>
    <testcase classname="Authorization red-team suite (WO-029) intern-list-companies =&gt; Intern GET /api/companies expects 200" name="Authorization red-team suite (WO-029) intern-list-companies =&gt; Intern GET /api/companies expects 200" time="0.002">
    </testcase>
    <testcase classname="Authorization red-team suite (WO-029) director-get-company =&gt; Director GET /api/companies/{{companyId}} expects 200" name="Authorization red-team suite (WO-029) director-get-company =&gt; Director GET /api/companies/{{companyId}} expects 200" time="0.003">
    </testcase>
    <testcase classname="Authorization red-team suite (WO-029) intern-get-company =&gt; Intern GET /api/companies/{{companyId}} expects 200" name="Authorization red-team suite (WO-029) intern-get-company =&gt; Intern GET /api/companies/{{companyId}} expects 200" time="0.001">
    </testcase>
    <testcase classname="Authorization red-team suite (WO-029) intern-create-company =&gt; Intern POST /api/companies expects 403" name="Authorization red-team suite (WO-029) intern-create-company =&gt; Intern POST /api/companies expects 403" time="0.007">
    </testcase>
    <testcase classname="Authorization red-team suite (WO-029) associate-create-company =&gt; Associate POST /api/companies expects 201" name="Authorization red-team suite (WO-029) associate-create-company =&gt; Associate POST /api/companies expects 201" time="0.002">
    </testcase>
    <testcase classname="Authorization red-team suite (WO-029) principal-create-company =&gt; Principal POST /api/companies expects 201" name="Authorization red-team suite (WO-029) principal-create-company =&gt; Principal POST /api/companies expects 201" time="0.002">
    </testcase>
    <testcase classname="Authorization red-team suite (WO-029) director-create-company =&gt; Director POST /api/companies expects 201" name="Authorization red-team suite (WO-029) director-create-company =&gt; Director POST /api/companies expects 201" time="0.002">
    </testcase>
    <testcase classname="Authorization red-team suite (WO-029) intern-delete-company =&gt; Intern DELETE /api/companies/{{companyId}} expects 403" name="Authorization red-team suite (WO-029) intern-delete-company =&gt; Intern DELETE /api/companies/{{companyId}} expects 403" time="0.001">
    </testcase>
    <testcase classname="Authorization red-team suite (WO-029) associate-delete-company =&gt; Associate DELETE /api/companies/{{companyId}} expects 403" name="Authorization red-team suite (WO-029) associate-delete-company =&gt; Associate DELETE /api/companies/{{companyId}} expects 403" time="0.001">
    </testcase>
    <testcase classname="Authorization red-team suite (WO-029) principal-delete-company =&gt; Principal DELETE /api/companies/{{companyId}} expects 403" name="Authorization red-team suite (WO-029) principal-delete-company =&gt; Principal DELETE /api/companies/{{companyId}} expects 403" time="0.001">
    </testcase>
    <testcase classname="Authorization red-team suite (WO-029) director-delete-company =&gt; Director DELETE /api/companies/{{companyId}} expects 200" name="Authorization red-team suite (WO-029) director-delete-company =&gt; Director DELETE /api/companies/{{companyId}} expects 200" time="0.001">
    </testcase>
    <testcase classname="Authorization red-team suite (WO-029) intern-patch-ownership =&gt; Intern PATCH /api/companies/{{companyId}} expects 403" name="Authorization red-team suite (WO-029) intern-patch-ownership =&gt; Intern PATCH /api/companies/{{companyId}} expects 403" time="0.001">
    </testcase>
    <testcase classname="Authorization red-team suite (WO-029) associate-patch-ownership =&gt; Associate PATCH /api/companies/{{companyId}} expects 403" name="Authorization red-team suite (WO-029) associate-patch-ownership =&gt; Associate PATCH /api/companies/{{companyId}} expects 403" time="0.001">
    </testcase>
    <testcase classname="Authorization red-team suite (WO-029) principal-patch-ownership =&gt; Principal PATCH /api/companies/{{companyId}} expects 200" name="Authorization red-team suite (WO-029) principal-patch-ownership =&gt; Principal PATCH /api/companies/{{companyId}} expects 200" time="0.001">
    </testcase>
    <testcase classname="Authorization red-team suite (WO-029) director-patch-ownership =&gt; Director PATCH /api/companies/{{companyId}} expects 200" name="Authorization red-team suite (WO-029) director-patch-ownership =&gt; Director PATCH /api/companies/{{companyId}} expects 200" time="0.001">
    </testcase>
    <testcase classname="Authorization red-team suite (WO-029) intern-patch-notes =&gt; Intern PATCH /api/companies/{{companyId}} expects 200" name="Authorization red-team suite (WO-029) intern-patch-notes =&gt; Intern PATCH /api/companies/{{companyId}} expects 200" time="0.001">
    </testcase>
    <testcase classname="Authorization red-team suite (WO-029) associate-reassign-denied =&gt; Associate PATCH /api/companies/{{companyId}}/owner expects 403" name="Authorization red-team suite (WO-029) associate-reassign-denied =&gt; Associate PATCH /api/companies/{{companyId}}/owner expects 403" time="0.003">
    </testcase>
    <testcase classname="Authorization red-team suite (WO-029) intern-reassign-denied =&gt; Intern PATCH /api/companies/{{companyId}}/owner expects 403" name="Authorization red-team suite (WO-029) intern-reassign-denied =&gt; Intern PATCH /api/companies/{{companyId}}/owner expects 403" time="0.001">
    </testcase>
    <testcase classname="Authorization red-team suite (WO-029) principal-reassign-allowed =&gt; Principal PATCH /api/companies/{{companyId}}/owner expects 200" name="Authorization red-team suite (WO-029) principal-reassign-allowed =&gt; Principal PATCH /api/companies/{{companyId}}/owner expects 200" time="0">
    </testcase>
    <testcase classname="Authorization red-team suite (WO-029) director-reassign-allowed =&gt; Director PATCH /api/companies/{{companyId}}/owner expects 200" name="Authorization red-team suite (WO-029) director-reassign-allowed =&gt; Director PATCH /api/companies/{{companyId}}/owner expects 200" time="0.001">
    </testcase>
    <testcase classname="Authorization red-team suite (WO-029) intern-nested-ownership-patch =&gt; Intern PATCH /api/companies/{{companyId}} expects 403" name="Authorization red-team suite (WO-029) intern-nested-ownership-patch =&gt; Intern PATCH /api/companies/{{companyId}} expects 403" time="0.001">
    </testcase>
    <testcase classname="Authorization red-team suite (WO-029) intern-mixed-bulk-patch =&gt; Intern PATCH /api/companies/{{companyId}} expects 403" name="Authorization red-team suite (WO-029) intern-mixed-bulk-patch =&gt; Intern PATCH /api/companies/{{companyId}} expects 403" time="0.001">
    </testcase>
    <testcase classname="Authorization red-team suite (WO-029) associate-mixed-bulk-patch =&gt; Associate PATCH /api/companies/{{companyId}} expects 403" name="Authorization red-team suite (WO-029) associate-mixed-bulk-patch =&gt; Associate PATCH /api/companies/{{companyId}} expects 403" time="0.001">
    </testcase>
    <testcase classname="Authorization red-team suite (WO-029) director-admin-users-read =&gt; Director GET /api/admin/users expects 200" name="Authorization red-team suite (WO-029) director-admin-users-read =&gt; Director GET /api/admin/users expects 200" time="0.001">
    </testcase>
    <testcase classname="Authorization red-team suite (WO-029) intern-admin-users-read =&gt; Intern GET /api/admin/users expects 200" name="Authorization red-team suite (WO-029) intern-admin-users-read =&gt; Intern GET /api/admin/users expects 200" time="0.001">
    </testcase>
    <testcase classname="Authorization red-team suite (WO-029) intern-admin-invite-denied =&gt; Intern POST /api/admin/users expects 403" name="Authorization red-team suite (WO-029) intern-admin-invite-denied =&gt; Intern POST /api/admin/users expects 403" time="0.001">
    </testcase>
    <testcase classname="Authorization red-team suite (WO-029) associate-admin-invite-allowed =&gt; Associate POST /api/admin/users expects 201" name="Authorization red-team suite (WO-029) associate-admin-invite-allowed =&gt; Associate POST /api/admin/users expects 201" time="0">
    </testcase>
    <testcase classname="Authorization red-team suite (WO-029) matrix-director-read-company =&gt; Director GET /api/companies/11111111-1111-1111-1111-111111111111 expects 200" name="Authorization red-team suite (WO-029) matrix-director-read-company =&gt; Director GET /api/companies/11111111-1111-1111-1111-111111111111 expects 200" time="0.001">
    </testcase>
    <testcase classname="Authorization red-team suite (WO-029) matrix-director-create-company =&gt; Director POST /api/companies expects 201" name="Authorization red-team suite (WO-029) matrix-director-create-company =&gt; Director POST /api/companies expects 201" time="0.001">
    </testcase>
    <testcase classname="Authorization red-team suite (WO-029) matrix-director-update-company =&gt; Director PATCH /api/companies/11111111-1111-1111-1111-111111111111 expects 200" name="Authorization red-team suite (WO-029) matrix-director-update-company =&gt; Director PATCH /api/companies/11111111-1111-1111-1111-111111111111 expects 200" time="0.001">
    </testcase>
    <testcase classname="Authorization red-team suite (WO-029) matrix-director-delete-company =&gt; Director DELETE /api/companies/11111111-1111-1111-1111-111111111111 expects 200" name="Authorization red-team suite (WO-029) matrix-director-delete-company =&gt; Director DELETE /api/companies/11111111-1111-1111-1111-111111111111 expects 200" time="0.001">
    </testcase>
    <testcase classname="Authorization red-team suite (WO-029) matrix-director-reassign-company =&gt; Director PATCH /api/companies/11111111-1111-1111-1111-111111111111/owner expects 200" name="Authorization red-team suite (WO-029) matrix-director-reassign-company =&gt; Director PATCH /api/companies/11111111-1111-1111-1111-111111111111/owner expects 200" time="0">
    </testcase>
    <testcase classname="Authorization red-team suite (WO-029) matrix-principal-read-company =&gt; Principal GET /api/companies/11111111-1111-1111-1111-111111111111 expects 200" name="Authorization red-team suite (WO-029) matrix-principal-read-company =&gt; Principal GET /api/companies/11111111-1111-1111-1111-111111111111 expects 200" time="0.001">
    </testcase>
    <testcase classname="Authorization red-team suite (WO-029) matrix-principal-create-company =&gt; Principal POST /api/companies expects 201" name="Authorization red-team suite (WO-029) matrix-principal-create-company =&gt; Principal POST /api/companies expects 201" time="0.001">
    </testcase>
    <testcase classname="Authorization red-team suite (WO-029) matrix-principal-update-company =&gt; Principal PATCH /api/companies/11111111-1111-1111-1111-111111111111 expects 200" name="Authorization red-team suite (WO-029) matrix-principal-update-company =&gt; Principal PATCH /api/companies/11111111-1111-1111-1111-111111111111 expects 200" time="0.001">
    </testcase>
    <testcase classname="Authorization red-team suite (WO-029) matrix-principal-delete-company =&gt; Principal DELETE /api/companies/11111111-1111-1111-1111-111111111111 expects 403" name="Authorization red-team suite (WO-029) matrix-principal-delete-company =&gt; Principal DELETE /api/companies/11111111-1111-1111-1111-111111111111 expects 403" time="0.001">
    </testcase>
    <testcase classname="Authorization red-team suite (WO-029) matrix-principal-reassign-company =&gt; Principal PATCH /api/companies/11111111-1111-1111-1111-111111111111/owner expects 200" name="Authorization red-team suite (WO-029) matrix-principal-reassign-company =&gt; Principal PATCH /api/companies/11111111-1111-1111-1111-111111111111/owner expects 200" time="0.001">
    </testcase>
    <testcase classname="Authorization red-team suite (WO-029) matrix-associate-read-company =&gt; Associate GET /api/companies/11111111-1111-1111-1111-111111111111 expects 200" name="Authorization red-team suite (WO-029) matrix-associate-read-company =&gt; Associate GET /api/companies/11111111-1111-1111-1111-111111111111 expects 200" time="0">
    </testcase>
    <testcase classname="Authorization red-team suite (WO-029) matrix-associate-create-company =&gt; Associate POST /api/companies expects 201" name="Authorization red-team suite (WO-029) matrix-associate-create-company =&gt; Associate POST /api/companies expects 201" time="0.001">
    </testcase>
    <testcase classname="Authorization red-team suite (WO-029) matrix-associate-update-company =&gt; Associate PATCH /api/companies/11111111-1111-1111-1111-111111111111 expects 200" name="Authorization red-team suite (WO-029) matrix-associate-update-company =&gt; Associate PATCH /api/companies/11111111-1111-1111-1111-111111111111 expects 200" time="0.001">
    </testcase>
    <testcase classname="Authorization red-team suite (WO-029) matrix-associate-delete-company =&gt; Associate DELETE /api/companies/11111111-1111-1111-1111-111111111111 expects 403" name="Authorization red-team suite (WO-029) matrix-associate-delete-company =&gt; Associate DELETE /api/companies/11111111-1111-1111-1111-111111111111 expects 403" time="0.001">
    </testcase>
    <testcase classname="Authorization red-team suite (WO-029) matrix-associate-reassign-company =&gt; Associate PATCH /api/companies/11111111-1111-1111-1111-111111111111/owner expects 403" name="Authorization red-team suite (WO-029) matrix-associate-reassign-company =&gt; Associate PATCH /api/companies/11111111-1111-1111-1111-111111111111/owner expects 403" time="0.001">
    </testcase>
    <testcase classname="Authorization red-team suite (WO-029) matrix-intern-read-company =&gt; Intern GET /api/companies/11111111-1111-1111-1111-111111111111 expects 200" name="Authorization red-team suite (WO-029) matrix-intern-read-company =&gt; Intern GET /api/companies/11111111-1111-1111-1111-111111111111 expects 200" time="0.001">
    </testcase>
    <testcase classname="Authorization red-team suite (WO-029) matrix-intern-create-company =&gt; Intern POST /api/companies expects 403" name="Authorization red-team suite (WO-029) matrix-intern-create-company =&gt; Intern POST /api/companies expects 403" time="0.001">
    </testcase>
    <testcase classname="Authorization red-team suite (WO-029) matrix-intern-update-company =&gt; Intern PATCH /api/companies/11111111-1111-1111-1111-111111111111 expects 200" name="Authorization red-team suite (WO-029) matrix-intern-update-company =&gt; Intern PATCH /api/companies/11111111-1111-1111-1111-111111111111 expects 200" time="0">
    </testcase>
    <testcase classname="Authorization red-team suite (WO-029) matrix-intern-delete-company =&gt; Intern DELETE /api/companies/11111111-1111-1111-1111-111111111111 expects 403" name="Authorization red-team suite (WO-029) matrix-intern-delete-company =&gt; Intern DELETE /api/companies/11111111-1111-1111-1111-111111111111 expects 403" time="0">
    </testcase>
    <testcase classname="Authorization red-team suite (WO-029) matrix-intern-reassign-company =&gt; Intern PATCH /api/companies/11111111-1111-1111-1111-111111111111/owner expects 403" name="Authorization red-team suite (WO-029) matrix-intern-reassign-company =&gt; Intern PATCH /api/companies/11111111-1111-1111-1111-111111111111/owner expects 403" time="0.001">
    </testcase>
    <testcase classname="Authorization red-team suite (WO-029) handles concurrent requests from different roles independently" name="Authorization red-team suite (WO-029) handles concurrent requests from different roles independently" time="0.001">
    </testcase>
    <testcase classname="Authorization red-team suite (WO-029) MCP simulation for Director matches API ownership visibility rules" name="Authorization red-team suite (WO-029) MCP simulation for Director matches API ownership visibility rules" time="0">
    </testcase>
    <testcase classname="Authorization red-team suite (WO-029) MCP simulation for Principal matches API ownership visibility rules" name="Authorization red-team suite (WO-029) MCP simulation for Principal matches API ownership visibility rules" time="0.001">
    </testcase>
    <testcase classname="Authorization red-team suite (WO-029) MCP simulation for Associate matches API ownership visibility rules" name="Authorization red-team suite (WO-029) MCP simulation for Associate matches API ownership visibility rules" time="0">
    </testcase>
    <testcase classname="Authorization red-team suite (WO-029) MCP simulation for Intern matches API ownership visibility rules" name="Authorization red-team suite (WO-029) MCP simulation for Intern matches API ownership visibility rules" time="0">
    </testcase>
  </testsuite>
</testsuites>